<?xml version="1.0" encoding="UTF-8"?>
<testsuite xmlns:xsi="http://www.w3.org/2001/XMLSchema-instance" xsi:noNamespaceSchemaLocation="https://maven.apache.org/surefire/maven-surefire-plugin/xsd/surefire-test-report-3.0.xsd" version="3.0" name="Logo presence on OrangeHRM home Page" time="0.17" tests="6" errors="2" skipped="3" failures="0">
  <properties>
    <property name="gopherProxySet" value="false"/>
    <property name="awt.toolkit" value="sun.lwawt.macosx.LWCToolkit"/>
    <property name="java.specification.version" value="11"/>
    <property name="webdriver.chrome.driver" value="/Applications/chromedriver"/>
    <property name="sun.cpu.isalist" value=""/>
    <property name="sun.jnu.encoding" value="UTF-8"/>
    <property name="java.class.path" value="/Users/asafeaniuc/OneDrive - ENDAVA/Java_cursuri_qa/QA_automation_endava/target/test-classes:/Users/asafeaniuc/OneDrive - ENDAVA/Java_cursuri_qa/QA_automation_endava/target/classes:/Users/asafeaniuc/.m2/repository/junit/junit/4.13/junit-4.13.jar:/Users/asafeaniuc/.m2/repository/org/hamcrest/hamcrest-core/1.3/hamcrest-core-1.3.jar:/Users/asafeaniuc/.m2/repository/org/seleniumhq/selenium/selenium-java/3.141.59/selenium-java-3.141.59.jar:/Users/asafeaniuc/.m2/repository/org/seleniumhq/selenium/selenium-api/3.141.59/selenium-api-3.141.59.jar:/Users/asafeaniuc/.m2/repository/org/seleniumhq/selenium/selenium-chrome-driver/3.141.59/selenium-chrome-driver-3.141.59.jar:/Users/asafeaniuc/.m2/repository/org/seleniumhq/selenium/selenium-edge-driver/3.141.59/selenium-edge-driver-3.141.59.jar:/Users/asafeaniuc/.m2/repository/org/seleniumhq/selenium/selenium-firefox-driver/3.141.59/selenium-firefox-driver-3.141.59.jar:/Users/asafeaniuc/.m2/repository/org/seleniumhq/selenium/selenium-ie-driver/3.141.59/selenium-ie-driver-3.141.59.jar:/Users/asafeaniuc/.m2/repository/org/seleniumhq/selenium/selenium-opera-driver/3.141.59/selenium-opera-driver-3.141.59.jar:/Users/asafeaniuc/.m2/repository/org/seleniumhq/selenium/selenium-remote-driver/3.141.59/selenium-remote-driver-3.141.59.jar:/Users/asafeaniuc/.m2/repository/org/seleniumhq/selenium/selenium-safari-driver/3.141.59/selenium-safari-driver-3.141.59.jar:/Users/asafeaniuc/.m2/repository/org/seleniumhq/selenium/selenium-support/3.141.59/selenium-support-3.141.59.jar:/Users/asafeaniuc/.m2/repository/net/bytebuddy/byte-buddy/1.8.15/byte-buddy-1.8.15.jar:/Users/asafeaniuc/.m2/repository/org/apache/commons/commons-exec/1.3/commons-exec-1.3.jar:/Users/asafeaniuc/.m2/repository/com/google/guava/guava/25.0-jre/guava-25.0-jre.jar:/Users/asafeaniuc/.m2/repository/com/google/code/findbugs/jsr305/1.3.9/jsr305-1.3.9.jar:/Users/asafeaniuc/.m2/repository/org/checkerframework/checker-compat-qual/2.0.0/checker-compat-qual-2.0.0.jar:/Users/asafeaniuc/.m2/repository/com/google/errorprone/error_prone_annotations/2.1.3/error_prone_annotations-2.1.3.jar:/Users/asafeaniuc/.m2/repository/com/google/j2objc/j2objc-annotations/1.1/j2objc-annotations-1.1.jar:/Users/asafeaniuc/.m2/repository/org/codehaus/mojo/animal-sniffer-annotations/1.14/animal-sniffer-annotations-1.14.jar:/Users/asafeaniuc/.m2/repository/com/squareup/okhttp3/okhttp/3.11.0/okhttp-3.11.0.jar:/Users/asafeaniuc/.m2/repository/com/squareup/okio/okio/1.14.0/okio-1.14.0.jar:/Users/asafeaniuc/.m2/repository/io/cucumber/cucumber-java/5.6.0/cucumber-java-5.6.0.jar:/Users/asafeaniuc/.m2/repository/io/cucumber/cucumber-core/5.6.0/cucumber-core-5.6.0.jar:/Users/asafeaniuc/.m2/repository/io/cucumber/cucumber-gherkin/5.6.0/cucumber-gherkin-5.6.0.jar:/Users/asafeaniuc/.m2/repository/io/cucumber/cucumber-gherkin-vintage/5.6.0/cucumber-gherkin-vintage-5.6.0.jar:/Users/asafeaniuc/.m2/repository/io/cucumber/tag-expressions/2.0.4/tag-expressions-2.0.4.jar:/Users/asafeaniuc/.m2/repository/io/cucumber/cucumber-expressions/8.3.1/cucumber-expressions-8.3.1.jar:/Users/asafeaniuc/.m2/repository/io/cucumber/datatable/3.3.1/datatable-3.3.1.jar:/Users/asafeaniuc/.m2/repository/io/cucumber/cucumber-plugin/5.6.0/cucumber-plugin-5.6.0.jar:/Users/asafeaniuc/.m2/repository/io/cucumber/docstring/5.6.0/docstring-5.6.0.jar:/Users/asafeaniuc/.m2/repository/org/apiguardian/apiguardian-api/1.1.0/apiguardian-api-1.1.0.jar:/Users/asafeaniuc/.m2/repository/io/cucumber/cucumber-junit/5.6.0/cucumber-junit-5.6.0.jar:/Users/asafeaniuc/.m2/repository/io/github/bonigarcia/webdrivermanager/3.8.1/webdrivermanager-3.8.1.jar:/Users/asafeaniuc/.m2/repository/org/slf4j/slf4j-api/1.7.25/slf4j-api-1.7.25.jar:/Users/asafeaniuc/.m2/repository/commons-io/commons-io/2.6/commons-io-2.6.jar:/Users/asafeaniuc/.m2/repository/com/google/code/gson/gson/2.8.5/gson-2.8.5.jar:/Users/asafeaniuc/.m2/repository/org/apache/commons/commons-lang3/3.8.1/commons-lang3-3.8.1.jar:/Users/asafeaniuc/.m2/repository/org/apache/httpcomponents/httpclient/4.5.6/httpclient-4.5.6.jar:/Users/asafeaniuc/.m2/repository/org/apache/httpcomponents/httpcore/4.4.10/httpcore-4.4.10.jar:/Users/asafeaniuc/.m2/repository/commons-logging/commons-logging/1.2/commons-logging-1.2.jar:/Users/asafeaniuc/.m2/repository/commons-codec/commons-codec/1.10/commons-codec-1.10.jar:/Users/asafeaniuc/.m2/repository/org/rauschig/jarchivelib/1.0.0/jarchivelib-1.0.0.jar:/Users/asafeaniuc/.m2/repository/org/apache/commons/commons-compress/1.18/commons-compress-1.18.jar:/Users/asafeaniuc/.m2/repository/org/jsoup/jsoup/1.11.3/jsoup-1.11.3.jar:/Users/asafeaniuc/.m2/repository/de/monochromata/cucumber/reporting-plugin/4.0.49/reporting-plugin-4.0.49.jar:/Users/asafeaniuc/.m2/repository/io/cucumber/gherkin/13.0.0/gherkin-13.0.0.jar:/Users/asafeaniuc/.m2/repository/io/cucumber/messages/12.0.0/messages-12.0.0.jar:/Users/asafeaniuc/.m2/repository/net/masterthought/cucumber-reporting/5.2.2/cucumber-reporting-5.2.2.jar:/Users/asafeaniuc/.m2/repository/com/fasterxml/jackson/core/jackson-databind/2.10.1/jackson-databind-2.10.1.jar:/Users/asafeaniuc/.m2/repository/com/fasterxml/jackson/core/jackson-annotations/2.10.1/jackson-annotations-2.10.1.jar:/Users/asafeaniuc/.m2/repository/com/fasterxml/jackson/core/jackson-core/2.10.1/jackson-core-2.10.1.jar:/Users/asafeaniuc/.m2/repository/com/fasterxml/jackson/datatype/jackson-datatype-jsr310/2.10.1/jackson-datatype-jsr310-2.10.1.jar:/Users/asafeaniuc/.m2/repository/org/apache/velocity/velocity-engine-core/2.1/velocity-engine-core-2.1.jar:/Users/asafeaniuc/.m2/repository/commons-collections/commons-collections/3.2.2/commons-collections-3.2.2.jar:/Users/asafeaniuc/.m2/repository/joda-time/joda-time/2.10.5/joda-time-2.10.5.jar:/Users/asafeaniuc/.m2/repository/org/codehaus/plexus/plexus-utils/3.3.0/plexus-utils-3.3.0.jar:/Users/asafeaniuc/.m2/repository/com/googlecode/owasp-java-html-sanitizer/owasp-java-html-sanitizer/20191001.1/owasp-java-html-sanitizer-20191001.1.jar:/Users/asafeaniuc/.m2/repository/commons-configuration/commons-configuration/1.10/commons-configuration-1.10.jar:/Users/asafeaniuc/.m2/repository/commons-lang/commons-lang/2.6/commons-lang-2.6.jar:/Users/asafeaniuc/.m2/repository/org/yaml/snakeyaml/1.10/snakeyaml-1.10.jar:/Users/asafeaniuc/.m2/repository/org/apache/logging/log4j/log4j-api/2.7/log4j-api-2.7.jar:/Users/asafeaniuc/.m2/repository/org/apache/logging/log4j/log4j-core/2.7/log4j-core-2.7.jar:"/>
    <property name="java.vm.vendor" value="JetBrains s.r.o"/>
    <property name="sun.arch.data.model" value="64"/>
    <property name="java.vendor.url" value="https://www.jetbrains.com/"/>
    <property name="user.timezone" value="Europe/Kiev"/>
    <property name="java.vm.specification.version" value="11"/>
    <property name="os.name" value="Mac OS X"/>
    <property name="sun.java.launcher" value="SUN_STANDARD"/>
    <property name="user.country" value="MD"/>
    <property name="sun.boot.library.path" value="/Applications/IntelliJ IDEA CE.app/Contents/jbr/Contents/Home/lib"/>
    <property name="sun.java.command" value="/Users/asafeaniuc/OneDrive - ENDAVA/Java_cursuri_qa/QA_automation_endava/target/surefire/surefirebooter13002809111996688696.jar /Users/asafeaniuc/OneDrive - ENDAVA/Java_cursuri_qa/QA_automation_endava/target/surefire 2020-07-03T00-33-10_950-jvmRun1 surefire9033797246922533617tmp surefire_08163804480377223244tmp"/>
    <property name="http.nonProxyHosts" value="local|*.local|169.254/16|*.169.254/16"/>
    <property name="jdk.debug" value="release"/>
    <property name="surefire.test.class.path" value="/Users/asafeaniuc/OneDrive - ENDAVA/Java_cursuri_qa/QA_automation_endava/target/test-classes:/Users/asafeaniuc/OneDrive - ENDAVA/Java_cursuri_qa/QA_automation_endava/target/classes:/Users/asafeaniuc/.m2/repository/junit/junit/4.13/junit-4.13.jar:/Users/asafeaniuc/.m2/repository/org/hamcrest/hamcrest-core/1.3/hamcrest-core-1.3.jar:/Users/asafeaniuc/.m2/repository/org/seleniumhq/selenium/selenium-java/3.141.59/selenium-java-3.141.59.jar:/Users/asafeaniuc/.m2/repository/org/seleniumhq/selenium/selenium-api/3.141.59/selenium-api-3.141.59.jar:/Users/asafeaniuc/.m2/repository/org/seleniumhq/selenium/selenium-chrome-driver/3.141.59/selenium-chrome-driver-3.141.59.jar:/Users/asafeaniuc/.m2/repository/org/seleniumhq/selenium/selenium-edge-driver/3.141.59/selenium-edge-driver-3.141.59.jar:/Users/asafeaniuc/.m2/repository/org/seleniumhq/selenium/selenium-firefox-driver/3.141.59/selenium-firefox-driver-3.141.59.jar:/Users/asafeaniuc/.m2/repository/org/seleniumhq/selenium/selenium-ie-driver/3.141.59/selenium-ie-driver-3.141.59.jar:/Users/asafeaniuc/.m2/repository/org/seleniumhq/selenium/selenium-opera-driver/3.141.59/selenium-opera-driver-3.141.59.jar:/Users/asafeaniuc/.m2/repository/org/seleniumhq/selenium/selenium-remote-driver/3.141.59/selenium-remote-driver-3.141.59.jar:/Users/asafeaniuc/.m2/repository/org/seleniumhq/selenium/selenium-safari-driver/3.141.59/selenium-safari-driver-3.141.59.jar:/Users/asafeaniuc/.m2/repository/org/seleniumhq/selenium/selenium-support/3.141.59/selenium-support-3.141.59.jar:/Users/asafeaniuc/.m2/repository/net/bytebuddy/byte-buddy/1.8.15/byte-buddy-1.8.15.jar:/Users/asafeaniuc/.m2/repository/org/apache/commons/commons-exec/1.3/commons-exec-1.3.jar:/Users/asafeaniuc/.m2/repository/com/google/guava/guava/25.0-jre/guava-25.0-jre.jar:/Users/asafeaniuc/.m2/repository/com/google/code/findbugs/jsr305/1.3.9/jsr305-1.3.9.jar:/Users/asafeaniuc/.m2/repository/org/checkerframework/checker-compat-qual/2.0.0/checker-compat-qual-2.0.0.jar:/Users/asafeaniuc/.m2/repository/com/google/errorprone/error_prone_annotations/2.1.3/error_prone_annotations-2.1.3.jar:/Users/asafeaniuc/.m2/repository/com/google/j2objc/j2objc-annotations/1.1/j2objc-annotations-1.1.jar:/Users/asafeaniuc/.m2/repository/org/codehaus/mojo/animal-sniffer-annotations/1.14/animal-sniffer-annotations-1.14.jar:/Users/asafeaniuc/.m2/repository/com/squareup/okhttp3/okhttp/3.11.0/okhttp-3.11.0.jar:/Users/asafeaniuc/.m2/repository/com/squareup/okio/okio/1.14.0/okio-1.14.0.jar:/Users/asafeaniuc/.m2/repository/io/cucumber/cucumber-java/5.6.0/cucumber-java-5.6.0.jar:/Users/asafeaniuc/.m2/repository/io/cucumber/cucumber-core/5.6.0/cucumber-core-5.6.0.jar:/Users/asafeaniuc/.m2/repository/io/cucumber/cucumber-gherkin/5.6.0/cucumber-gherkin-5.6.0.jar:/Users/asafeaniuc/.m2/repository/io/cucumber/cucumber-gherkin-vintage/5.6.0/cucumber-gherkin-vintage-5.6.0.jar:/Users/asafeaniuc/.m2/repository/io/cucumber/tag-expressions/2.0.4/tag-expressions-2.0.4.jar:/Users/asafeaniuc/.m2/repository/io/cucumber/cucumber-expressions/8.3.1/cucumber-expressions-8.3.1.jar:/Users/asafeaniuc/.m2/repository/io/cucumber/datatable/3.3.1/datatable-3.3.1.jar:/Users/asafeaniuc/.m2/repository/io/cucumber/cucumber-plugin/5.6.0/cucumber-plugin-5.6.0.jar:/Users/asafeaniuc/.m2/repository/io/cucumber/docstring/5.6.0/docstring-5.6.0.jar:/Users/asafeaniuc/.m2/repository/org/apiguardian/apiguardian-api/1.1.0/apiguardian-api-1.1.0.jar:/Users/asafeaniuc/.m2/repository/io/cucumber/cucumber-junit/5.6.0/cucumber-junit-5.6.0.jar:/Users/asafeaniuc/.m2/repository/io/github/bonigarcia/webdrivermanager/3.8.1/webdrivermanager-3.8.1.jar:/Users/asafeaniuc/.m2/repository/org/slf4j/slf4j-api/1.7.25/slf4j-api-1.7.25.jar:/Users/asafeaniuc/.m2/repository/commons-io/commons-io/2.6/commons-io-2.6.jar:/Users/asafeaniuc/.m2/repository/com/google/code/gson/gson/2.8.5/gson-2.8.5.jar:/Users/asafeaniuc/.m2/repository/org/apache/commons/commons-lang3/3.8.1/commons-lang3-3.8.1.jar:/Users/asafeaniuc/.m2/repository/org/apache/httpcomponents/httpclient/4.5.6/httpclient-4.5.6.jar:/Users/asafeaniuc/.m2/repository/org/apache/httpcomponents/httpcore/4.4.10/httpcore-4.4.10.jar:/Users/asafeaniuc/.m2/repository/commons-logging/commons-logging/1.2/commons-logging-1.2.jar:/Users/asafeaniuc/.m2/repository/commons-codec/commons-codec/1.10/commons-codec-1.10.jar:/Users/asafeaniuc/.m2/repository/org/rauschig/jarchivelib/1.0.0/jarchivelib-1.0.0.jar:/Users/asafeaniuc/.m2/repository/org/apache/commons/commons-compress/1.18/commons-compress-1.18.jar:/Users/asafeaniuc/.m2/repository/org/jsoup/jsoup/1.11.3/jsoup-1.11.3.jar:/Users/asafeaniuc/.m2/repository/de/monochromata/cucumber/reporting-plugin/4.0.49/reporting-plugin-4.0.49.jar:/Users/asafeaniuc/.m2/repository/io/cucumber/gherkin/13.0.0/gherkin-13.0.0.jar:/Users/asafeaniuc/.m2/repository/io/cucumber/messages/12.0.0/messages-12.0.0.jar:/Users/asafeaniuc/.m2/repository/net/masterthought/cucumber-reporting/5.2.2/cucumber-reporting-5.2.2.jar:/Users/asafeaniuc/.m2/repository/com/fasterxml/jackson/core/jackson-databind/2.10.1/jackson-databind-2.10.1.jar:/Users/asafeaniuc/.m2/repository/com/fasterxml/jackson/core/jackson-annotations/2.10.1/jackson-annotations-2.10.1.jar:/Users/asafeaniuc/.m2/repository/com/fasterxml/jackson/core/jackson-core/2.10.1/jackson-core-2.10.1.jar:/Users/asafeaniuc/.m2/repository/com/fasterxml/jackson/datatype/jackson-datatype-jsr310/2.10.1/jackson-datatype-jsr310-2.10.1.jar:/Users/asafeaniuc/.m2/repository/org/apache/velocity/velocity-engine-core/2.1/velocity-engine-core-2.1.jar:/Users/asafeaniuc/.m2/repository/commons-collections/commons-collections/3.2.2/commons-collections-3.2.2.jar:/Users/asafeaniuc/.m2/repository/joda-time/joda-time/2.10.5/joda-time-2.10.5.jar:/Users/asafeaniuc/.m2/repository/org/codehaus/plexus/plexus-utils/3.3.0/plexus-utils-3.3.0.jar:/Users/asafeaniuc/.m2/repository/com/googlecode/owasp-java-html-sanitizer/owasp-java-html-sanitizer/20191001.1/owasp-java-html-sanitizer-20191001.1.jar:/Users/asafeaniuc/.m2/repository/commons-configuration/commons-configuration/1.10/commons-configuration-1.10.jar:/Users/asafeaniuc/.m2/repository/commons-lang/commons-lang/2.6/commons-lang-2.6.jar:/Users/asafeaniuc/.m2/repository/org/yaml/snakeyaml/1.10/snakeyaml-1.10.jar:/Users/asafeaniuc/.m2/repository/org/apache/logging/log4j/log4j-api/2.7/log4j-api-2.7.jar:/Users/asafeaniuc/.m2/repository/org/apache/logging/log4j/log4j-core/2.7/log4j-core-2.7.jar:"/>
    <property name="sun.cpu.endian" value="little"/>
    <property name="user.home" value="/Users/asafeaniuc"/>
    <property name="user.language" value="en"/>
    <property name="java.specification.vendor" value="Oracle Corporation"/>
    <property name="java.version.date" value="2019-10-15"/>
    <property name="java.home" value="/Applications/IntelliJ IDEA CE.app/Contents/jbr/Contents/Home"/>
    <property name="file.separator" value="/"/>
    <property name="basedir" value="/Users/asafeaniuc/OneDrive - ENDAVA/Java_cursuri_qa/QA_automation_endava"/>
    <property name="java.vm.compressedOopsMode" value="Zero based"/>
    <property name="line.separator" value="&#10;"/>
    <property name="java.specification.name" value="Java Platform API Specification"/>
    <property name="java.vm.specification.vendor" value="Oracle Corporation"/>
    <property name="java.awt.graphicsenv" value="sun.awt.CGraphicsEnvironment"/>
    <property name="surefire.real.class.path" value="/Users/asafeaniuc/OneDrive - ENDAVA/Java_cursuri_qa/QA_automation_endava/target/surefire/surefirebooter13002809111996688696.jar"/>
    <property name="sun.management.compiler" value="HotSpot 64-Bit Tiered Compilers"/>
    <property name="ftp.nonProxyHosts" value="local|*.local|169.254/16|*.169.254/16"/>
    <property name="java.runtime.version" value="11.0.5+10-b520.38"/>
    <property name="user.name" value="asafeaniuc"/>
    <property name="path.separator" value=":"/>
    <property name="os.version" value="10.15.5"/>
    <property name="java.runtime.name" value="OpenJDK Runtime Environment"/>
    <property name="file.encoding" value="UTF-8"/>
    <property name="java.vm.name" value="OpenJDK 64-Bit Server VM"/>
    <property name="localRepository" value="/Users/asafeaniuc/.m2/repository"/>
    <property name="java.vendor.url.bug" value="https://youtrack.jetbrains.com"/>
    <property name="java.io.tmpdir" value="/var/folders/9m/2lxyfzqx0ygc6vq52lz756h0zmt1zk/T/"/>
    <property name="java.version" value="11.0.5"/>
    <property name="user.dir" value="/Users/asafeaniuc/OneDrive - ENDAVA/Java_cursuri_qa/QA_automation_endava"/>
    <property name="os.arch" value="x86_64"/>
    <property name="java.vm.specification.name" value="Java Virtual Machine Specification"/>
    <property name="java.awt.printerjob" value="sun.lwawt.macosx.CPrinterJob"/>
    <property name="sun.os.patch.level" value="unknown"/>
    <property name="idea.version2019.3.3" value="true"/>
    <property name="java.library.path" value="/Users/asafeaniuc/Library/Java/Extensions:/Library/Java/Extensions:/Network/Library/Java/Extensions:/System/Library/Java/Extensions:/usr/lib/java:."/>
    <property name="java.vendor" value="JetBrains s.r.o"/>
    <property name="java.vm.info" value="mixed mode"/>
    <property name="java.vm.version" value="11.0.5+10-b520.38"/>
    <property name="sun.io.unicode.encoding" value="UnicodeBig"/>
    <property name="java.class.version" value="55.0"/>
    <property name="socksNonProxyHosts" value="local|*.local|169.254/16|*.169.254/16"/>
  </properties>
  <testcase name="" classname="Logo presence on OrangeHRM home Page" time="0"/>
  <testcase name="" classname="Logo presence on OrangeHRM home Page" time="0">
    <error message="The driver executable does not exist: /Applications/chromedriver" type="java.lang.IllegalStateException"><![CDATA[java.lang.IllegalStateException: The driver executable does not exist: /Applications/chromedriver
]]></error>
  </testcase>
  <testcase name="I lounch chrome browser" classname="Logo presence on OrangeHRM home Page" time="0.076">
    <error message="The driver executable does not exist: /Applications/chromedriver" type="java.lang.IllegalStateException"><![CDATA[java.lang.IllegalStateException: The driver executable does not exist: /Applications/chromedriver
]]></error>
  </testcase>
  <testcase name="I open zap hamepage" classname="Logo presence on OrangeHRM home Page" time="0">
    <skipped message="This step is skipped"/>
  </testcase>
  <testcase name="I verify that the logo present on page" classname="Logo presence on OrangeHRM home Page" time="0">
    <skipped message="This step is skipped"/>
  </testcase>
  <testcase name="clouse browser" classname="Logo presence on OrangeHRM home Page" time="0">
    <skipped message="This step is skipped"/>
  </testcase>
</testsuite>